<?xml version="1.0" encoding="UTF-8"?>
<coverage generated="1532884401">
  <project timestamp="1532884401">
    <package name="Alpha\Controller">
      <file name="/home/john/Git/alpha/Alpha/Controller/ActiveRecordController.php">
        <class name="Alpha\Controller\ActiveRecordController" namespace="Alpha\Controller">
          <metrics complexity="87" methods="12" coveredmethods="5" conditionals="0" coveredconditionals="0" statements="266" coveredstatements="192" elements="278" coveredelements="197"/>
        </class>
        <line num="145" type="method" name="__construct" visibility="public" complexity="1" crap="1" count="15"/>
        <line num="147" type="stmt" count="15"/>
        <line num="148" type="stmt" count="15"/>
        <line num="151" type="stmt" count="15"/>
        <line num="153" type="stmt" count="15"/>
        <line num="154" type="stmt" count="15"/>
        <line num="168" type="method" name="doGET" visibility="public" complexity="13" crap="14.61" count="1"/>
        <line num="170" type="stmt" count="1"/>
        <line num="172" type="stmt" count="1"/>
        <line num="173" type="stmt" count="1"/>
        <line num="175" type="stmt" count="1"/>
        <line num="179" type="stmt" count="1"/>
        <line num="180" type="stmt" count="1"/>
        <line num="181" type="stmt" count="1"/>
        <line num="183" type="stmt" count="1"/>
        <line num="184" type="stmt" count="1"/>
        <line num="186" type="stmt" count="1"/>
        <line num="188" type="stmt" count="1"/>
        <line num="189" type="stmt" count="1"/>
        <line num="191" type="stmt" count="0"/>
        <line num="195" type="stmt" count="1"/>
        <line num="196" type="stmt" count="1"/>
        <line num="198" type="stmt" count="1"/>
        <line num="199" type="stmt" count="1"/>
        <line num="201" type="stmt" count="1"/>
        <line num="202" type="stmt" count="1"/>
        <line num="205" type="stmt" count="1"/>
        <line num="207" type="stmt" count="1"/>
        <line num="208" type="stmt" count="1"/>
        <line num="209" type="stmt" count="1"/>
        <line num="211" type="stmt" count="1"/>
        <line num="213" type="stmt" count="0"/>
        <line num="214" type="stmt" count="0"/>
        <line num="215" type="stmt" count="0"/>
        <line num="216" type="stmt" count="0"/>
        <line num="217" type="stmt" count="0"/>
        <line num="218" type="stmt" count="0"/>
        <line num="221" type="stmt" count="1"/>
        <line num="223" type="stmt" count="1"/>
        <line num="225" type="stmt" count="1"/>
        <line num="240" type="method" name="doPOST" visibility="public" complexity="11" crap="14.64" count="1"/>
        <line num="242" type="stmt" count="1"/>
        <line num="244" type="stmt" count="1"/>
        <line num="246" type="stmt" count="1"/>
        <line num="247" type="stmt" count="1"/>
        <line num="250" type="stmt" count="1"/>
        <line num="251" type="stmt" count="1"/>
        <line num="253" type="stmt" count="0"/>
        <line num="256" type="stmt" count="1"/>
        <line num="257" type="stmt" count="1"/>
        <line num="259" type="stmt" count="0"/>
        <line num="263" type="stmt" count="1"/>
        <line num="264" type="stmt" count="0"/>
        <line num="267" type="stmt" count="1"/>
        <line num="270" type="stmt" count="1"/>
        <line num="271" type="stmt" count="0"/>
        <line num="272" type="stmt" count="0"/>
        <line num="273" type="stmt" count="0"/>
        <line num="276" type="stmt" count="1"/>
        <line num="278" type="stmt" count="1"/>
        <line num="279" type="stmt" count="0"/>
        <line num="281" type="stmt" count="1"/>
        <line num="284" type="stmt" count="1"/>
        <line num="286" type="stmt" count="1"/>
        <line num="287" type="stmt" count="1"/>
        <line num="288" type="stmt" count="1"/>
        <line num="289" type="stmt" count="1"/>
        <line num="290" type="stmt" count="1"/>
        <line num="291" type="stmt" count="1"/>
        <line num="292" type="stmt" count="1"/>
        <line num="294" type="stmt" count="1"/>
        <line num="296" type="stmt" count="1"/>
        <line num="298" type="stmt" count="1"/>
        <line num="300" type="stmt" count="1"/>
        <line num="301" type="stmt" count="0"/>
        <line num="303" type="stmt" count="1"/>
        <line num="304" type="stmt" count="1"/>
        <line num="306" type="stmt" count="1"/>
        <line num="310" type="stmt" count="1"/>
        <line num="312" type="stmt" count="1"/>
        <line num="314" type="stmt" count="0"/>
        <line num="315" type="stmt" count="0"/>
        <line num="316" type="stmt" count="0"/>
        <line num="317" type="stmt" count="0"/>
        <line num="318" type="stmt" count="0"/>
        <line num="319" type="stmt" count="0"/>
        <line num="335" type="method" name="doPUT" visibility="public" complexity="12" crap="18.40" count="2"/>
        <line num="337" type="stmt" count="2"/>
        <line num="339" type="stmt" count="2"/>
        <line num="341" type="stmt" count="2"/>
        <line num="342" type="stmt" count="2"/>
        <line num="345" type="stmt" count="2"/>
        <line num="346" type="stmt" count="2"/>
        <line num="348" type="stmt" count="0"/>
        <line num="351" type="stmt" count="2"/>
        <line num="352" type="stmt" count="2"/>
        <line num="354" type="stmt" count="0"/>
        <line num="358" type="stmt" count="2"/>
        <line num="359" type="stmt" count="0"/>
        <line num="362" type="stmt" count="2"/>
        <line num="363" type="stmt" count="2"/>
        <line num="366" type="stmt" count="2"/>
        <line num="367" type="stmt" count="2"/>
        <line num="368" type="stmt" count="0"/>
        <line num="369" type="stmt" count="0"/>
        <line num="370" type="stmt" count="0"/>
        <line num="373" type="stmt" count="2"/>
        <line num="375" type="stmt" count="2"/>
        <line num="376" type="stmt" count="0"/>
        <line num="378" type="stmt" count="2"/>
        <line num="381" type="stmt" count="2"/>
        <line num="383" type="stmt" count="2"/>
        <line num="384" type="stmt" count="1"/>
        <line num="385" type="stmt" count="1"/>
        <line num="386" type="stmt" count="1"/>
        <line num="387" type="stmt" count="1"/>
        <line num="388" type="stmt" count="1"/>
        <line num="389" type="stmt" count="1"/>
        <line num="391" type="stmt" count="2"/>
        <line num="393" type="stmt" count="2"/>
        <line num="394" type="stmt" count="0"/>
        <line num="396" type="stmt" count="2"/>
        <line num="397" type="stmt" count="1"/>
        <line num="399" type="stmt" count="2"/>
        <line num="404" type="stmt" count="2"/>
        <line num="406" type="stmt" count="2"/>
        <line num="407" type="stmt" count="0"/>
        <line num="408" type="stmt" count="0"/>
        <line num="409" type="stmt" count="0"/>
        <line num="410" type="stmt" count="0"/>
        <line num="411" type="stmt" count="0"/>
        <line num="412" type="stmt" count="0"/>
        <line num="413" type="stmt" count="0"/>
        <line num="414" type="stmt" count="0"/>
        <line num="415" type="stmt" count="0"/>
        <line num="432" type="method" name="doDELETE" visibility="public" complexity="12" crap="17.33" count="2"/>
        <line num="434" type="stmt" count="2"/>
        <line num="436" type="stmt" count="2"/>
        <line num="438" type="stmt" count="2"/>
        <line num="439" type="stmt" count="2"/>
        <line num="443" type="stmt" count="2"/>
        <line num="444" type="stmt" count="0"/>
        <line num="447" type="stmt" count="2"/>
        <line num="448" type="stmt" count="2"/>
        <line num="450" type="stmt" count="0"/>
        <line num="453" type="stmt" count="2"/>
        <line num="454" type="stmt" count="2"/>
        <line num="456" type="stmt" count="0"/>
        <line num="460" type="stmt" count="2"/>
        <line num="461" type="stmt" count="0"/>
        <line num="464" type="stmt" count="2"/>
        <line num="466" type="stmt" count="2"/>
        <line num="467" type="stmt" count="2"/>
        <line num="468" type="stmt" count="2"/>
        <line num="469" type="stmt" count="2"/>
        <line num="471" type="stmt" count="2"/>
        <line num="473" type="stmt" count="2"/>
        <line num="474" type="stmt" count="1"/>
        <line num="475" type="stmt" count="1"/>
        <line num="476" type="stmt" count="1"/>
        <line num="478" type="stmt" count="2"/>
        <line num="480" type="stmt" count="2"/>
        <line num="481" type="stmt" count="0"/>
        <line num="483" type="stmt" count="2"/>
        <line num="486" type="stmt" count="2"/>
        <line num="487" type="stmt" count="1"/>
        <line num="489" type="stmt" count="1"/>
        <line num="490" type="stmt" count="1"/>
        <line num="492" type="stmt" count="1"/>
        <line num="497" type="stmt" count="2"/>
        <line num="499" type="stmt" count="2"/>
        <line num="500" type="stmt" count="0"/>
        <line num="501" type="stmt" count="0"/>
        <line num="502" type="stmt" count="0"/>
        <line num="503" type="stmt" count="0"/>
        <line num="504" type="stmt" count="0"/>
        <line num="505" type="stmt" count="0"/>
        <line num="506" type="stmt" count="0"/>
        <line num="507" type="stmt" count="0"/>
        <line num="508" type="stmt" count="0"/>
        <line num="509" type="stmt" count="0"/>
        <line num="518" type="method" name="after_displayPageHead_callback" visibility="public" complexity="4" crap="4.06" count="8"/>
        <line num="520" type="stmt" count="8"/>
        <line num="523" type="stmt" count="8"/>
        <line num="524" type="stmt" count="2"/>
        <line num="526" type="stmt" count="2"/>
        <line num="527" type="stmt" count="2"/>
        <line num="529" type="stmt" count="2"/>
        <line num="530" type="stmt" count="2"/>
        <line num="532" type="stmt" count="0"/>
        <line num="533" type="stmt" count="0"/>
        <line num="536" type="stmt" count="2"/>
        <line num="538" type="stmt" count="2"/>
        <line num="539" type="stmt" count="1"/>
        <line num="543" type="stmt" count="8"/>
        <line num="553" type="method" name="before_displayPageFoot_callback" visibility="public" complexity="3" crap="3" count="7"/>
        <line num="555" type="stmt" count="7"/>
        <line num="557" type="stmt" count="7"/>
        <line num="558" type="stmt" count="2"/>
        <line num="560" type="stmt" count="2"/>
        <line num="561" type="stmt" count="1"/>
        <line num="563" type="stmt" count="2"/>
        <line num="564" type="stmt" count="2"/>
        <line num="568" type="stmt" count="7"/>
        <line num="584" type="method" name="renderRecord" visibility="private" complexity="14" crap="21.96" count="1"/>
        <line num="586" type="stmt" count="1"/>
        <line num="587" type="stmt" count="0"/>
        <line num="590" type="stmt" count="1"/>
        <line num="592" type="stmt" count="1"/>
        <line num="593" type="stmt" count="1"/>
        <line num="595" type="stmt" count="0"/>
        <line num="599" type="stmt" count="1"/>
        <line num="600" type="stmt" count="0"/>
        <line num="601" type="stmt" count="0"/>
        <line num="603" type="stmt" count="0"/>
        <line num="604" type="stmt" count="0"/>
        <line num="606" type="stmt" count="0"/>
        <line num="607" type="stmt" count="0"/>
        <line num="610" type="stmt" count="1"/>
        <line num="611" type="stmt" count="1"/>
        <line num="613" type="stmt" count="1"/>
        <line num="614" type="stmt" count="1"/>
        <line num="616" type="stmt" count="1"/>
        <line num="617" type="stmt" count="1"/>
        <line num="621" type="stmt" count="1"/>
        <line num="622" type="stmt" count="1"/>
        <line num="624" type="stmt" count="1"/>
        <line num="626" type="stmt" count="1"/>
        <line num="628" type="stmt" count="1"/>
        <line num="629" type="stmt" count="1"/>
        <line num="630" type="stmt" count="0"/>
        <line num="633" type="stmt" count="1"/>
        <line num="635" type="stmt" count="1"/>
        <line num="636" type="stmt" count="0"/>
        <line num="637" type="stmt" count="0"/>
        <line num="639" type="stmt" count="1"/>
        <line num="642" type="stmt" count="1"/>
        <line num="658" type="method" name="renderRecords" visibility="private" complexity="14" crap="16.55" count="1"/>
        <line num="660" type="stmt" count="1"/>
        <line num="662" type="stmt" count="1"/>
        <line num="663" type="stmt" count="1"/>
        <line num="665" type="stmt" count="0"/>
        <line num="669" type="stmt" count="1"/>
        <line num="670" type="stmt" count="1"/>
        <line num="672" type="stmt" count="1"/>
        <line num="673" type="stmt" count="1"/>
        <line num="675" type="stmt" count="1"/>
        <line num="676" type="stmt" count="1"/>
        <line num="679" type="stmt" count="1"/>
        <line num="680" type="stmt" count="0"/>
        <line num="681" type="stmt" count="0"/>
        <line num="682" type="stmt" count="0"/>
        <line num="684" type="stmt" count="0"/>
        <line num="687" type="stmt" count="0"/>
        <line num="689" type="stmt" count="1"/>
        <line num="690" type="stmt" count="0"/>
        <line num="692" type="stmt" count="1"/>
        <line num="695" type="stmt" count="1"/>
        <line num="698" type="stmt" count="1"/>
        <line num="700" type="stmt" count="1"/>
        <line num="702" type="stmt" count="1"/>
        <line num="704" type="stmt" count="1"/>
        <line num="705" type="stmt" count="1"/>
        <line num="706" type="stmt" count="0"/>
        <line num="709" type="stmt" count="1"/>
        <line num="711" type="stmt" count="1"/>
        <line num="712" type="stmt" count="1"/>
        <line num="713" type="stmt" count="1"/>
        <line num="714" type="stmt" count="1"/>
        <line num="717" type="stmt" count="1"/>
        <line num="718" type="stmt" count="1"/>
        <line num="721" type="stmt" count="1"/>
        <line num="731" type="method" name="getStart" visibility="public" complexity="1" crap="1" count="2"/>
        <line num="733" type="stmt" count="2"/>
        <line num="743" type="method" name="getRecordCount" visibility="public" complexity="1" crap="1" count="2"/>
        <line num="745" type="stmt" count="2"/>
        <line num="755" type="method" name="getLimit" visibility="public" complexity="1" crap="1" count="2"/>
        <line num="757" type="stmt" count="2"/>
        <metrics loc="759" ncloc="522" classes="1" methods="12" coveredmethods="5" conditionals="0" coveredconditionals="0" statements="266" coveredstatements="192" elements="278" coveredelements="197"/>
      </file>
      <file name="/home/john/Git/alpha/Alpha/Controller/ArticleController.php">
        <class name="Alpha\Controller\ArticleController" namespace="Alpha\Controller">
          <metrics complexity="87" methods="11" coveredmethods="5" conditionals="0" coveredconditionals="0" statements="278" coveredstatements="234" elements="289" coveredelements="239"/>
        </class>
        <line num="96" type="method" name="__construct" visibility="public" complexity="1" crap="1" count="5"/>
        <line num="98" type="stmt" count="5"/>
        <line num="99" type="stmt" count="5"/>
        <line num="102" type="stmt" count="5"/>
        <line num="104" type="stmt" count="5"/>
        <line num="105" type="stmt" count="5"/>
        <line num="118" type="method" name="doGET" visibility="public" complexity="32" crap="43.66" count="1"/>
        <line num="120" type="stmt" count="1"/>
        <line num="122" type="stmt" count="1"/>
        <line num="124" type="stmt" count="1"/>
        <line num="126" type="stmt" count="1"/>
        <line num="129" type="stmt" count="1"/>
        <line num="131" type="stmt" count="1"/>
        <line num="133" type="stmt" count="1"/>
        <line num="134" type="stmt" count="0"/>
        <line num="136" type="stmt" count="1"/>
        <line num="138" type="stmt" count="1"/>
        <line num="139" type="stmt" count="1"/>
        <line num="141" type="stmt" count="1"/>
        <line num="143" type="stmt" count="1"/>
        <line num="144" type="stmt" count="1"/>
        <line num="145" type="stmt" count="1"/>
        <line num="148" type="stmt" count="1"/>
        <line num="149" type="stmt" count="1"/>
        <line num="150" type="stmt" count="1"/>
        <line num="151" type="stmt" count="1"/>
        <line num="152" type="stmt" count="1"/>
        <line num="153" type="stmt" count="1"/>
        <line num="154" type="stmt" count="1"/>
        <line num="157" type="stmt" count="1"/>
        <line num="158" type="stmt" count="0"/>
        <line num="159" type="stmt" count="0"/>
        <line num="160" type="stmt" count="0"/>
        <line num="161" type="stmt" count="0"/>
        <line num="162" type="stmt" count="0"/>
        <line num="163" type="stmt" count="0"/>
        <line num="168" type="stmt" count="1"/>
        <line num="169" type="stmt" count="1"/>
        <line num="170" type="stmt" count="0"/>
        <line num="172" type="stmt" count="1"/>
        <line num="176" type="stmt" count="1"/>
        <line num="177" type="stmt" count="1"/>
        <line num="178" type="stmt" count="1"/>
        <line num="180" type="stmt" count="1"/>
        <line num="182" type="stmt" count="0"/>
        <line num="183" type="stmt" count="0"/>
        <line num="184" type="stmt" count="0"/>
        <line num="186" type="stmt" count="0"/>
        <line num="189" type="stmt" count="1"/>
        <line num="191" type="stmt" count="1"/>
        <line num="192" type="stmt" count="1"/>
        <line num="195" type="stmt" count="1"/>
        <line num="196" type="stmt" count="1"/>
        <line num="197" type="stmt" count="1"/>
        <line num="199" type="stmt" count="1"/>
        <line num="201" type="stmt" count="1"/>
        <line num="202" type="stmt" count="1"/>
        <line num="203" type="stmt" count="0"/>
        <line num="206" type="stmt" count="1"/>
        <line num="207" type="stmt" count="1"/>
        <line num="209" type="stmt" count="1"/>
        <line num="210" type="stmt" count="1"/>
        <line num="212" type="stmt" count="1"/>
        <line num="216" type="stmt" count="1"/>
        <line num="217" type="stmt" count="1"/>
        <line num="218" type="stmt" count="1"/>
        <line num="219" type="stmt" count="0"/>
        <line num="221" type="stmt" count="1"/>
        <line num="225" type="stmt" count="1"/>
        <line num="226" type="stmt" count="1"/>
        <line num="228" type="stmt" count="1"/>
        <line num="230" type="stmt" count="0"/>
        <line num="233" type="stmt" count="1"/>
        <line num="234" type="stmt" count="0"/>
        <line num="237" type="stmt" count="1"/>
        <line num="238" type="stmt" count="1"/>
        <line num="239" type="stmt" count="0"/>
        <line num="240" type="stmt" count="0"/>
        <line num="241" type="stmt" count="1"/>
        <line num="242" type="stmt" count="1"/>
        <line num="243" type="stmt" count="1"/>
        <line num="246" type="stmt" count="1"/>
        <line num="247" type="stmt" count="1"/>
        <line num="248" type="stmt" count="1"/>
        <line num="250" type="stmt" count="1"/>
        <line num="252" type="stmt" count="1"/>
        <line num="254" type="stmt" count="1"/>
        <line num="255" type="stmt" count="1"/>
        <line num="256" type="stmt" count="1"/>
        <line num="259" type="stmt" count="1"/>
        <line num="261" type="stmt" count="1"/>
        <line num="263" type="stmt" count="1"/>
        <line num="265" type="stmt" count="1"/>
        <line num="269" type="stmt" count="1"/>
        <line num="271" type="stmt" count="1"/>
        <line num="274" type="stmt" count="1"/>
        <line num="275" type="stmt" count="0"/>
        <line num="277" type="stmt" count="1"/>
        <line num="279" type="stmt" count="0"/>
        <line num="280" type="stmt" count="0"/>
        <line num="281" type="stmt" count="0"/>
        <line num="282" type="stmt" count="0"/>
        <line num="283" type="stmt" count="0"/>
        <line num="284" type="stmt" count="0"/>
        <line num="287" type="stmt" count="1"/>
        <line num="288" type="stmt" count="1"/>
        <line num="290" type="stmt" count="1"/>
        <line num="292" type="stmt" count="1"/>
        <line num="294" type="stmt" count="1"/>
        <line num="296" type="stmt" count="1"/>
        <line num="298" type="stmt" count="1"/>
        <line num="302" type="stmt" count="1"/>
        <line num="303" type="stmt" count="0"/>
        <line num="307" type="stmt" count="1"/>
        <line num="308" type="stmt" count="1"/>
        <line num="311" type="stmt" count="1"/>
        <line num="312" type="stmt" count="1"/>
        <line num="313" type="stmt" count="1"/>
        <line num="315" type="stmt" count="1"/>
        <line num="317" type="stmt" count="1"/>
        <line num="318" type="stmt" count="1"/>
        <line num="319" type="stmt" count="0"/>
        <line num="322" type="stmt" count="1"/>
        <line num="323" type="stmt" count="1"/>
        <line num="325" type="stmt" count="1"/>
        <line num="326" type="stmt" count="1"/>
        <line num="328" type="stmt" count="1"/>
        <line num="340" type="method" name="doPUT" visibility="public" complexity="5" crap="5.93" count="1"/>
        <line num="342" type="stmt" count="1"/>
        <line num="344" type="stmt" count="1"/>
        <line num="346" type="stmt" count="1"/>
        <line num="348" type="stmt" count="1"/>
        <line num="349" type="stmt" count="0"/>
        <line num="350" type="stmt" count="0"/>
        <line num="351" type="stmt" count="0"/>
        <line num="352" type="stmt" count="0"/>
        <line num="354" type="stmt" count="1"/>
        <line num="355" type="stmt" count="1"/>
        <line num="357" type="stmt" count="1"/>
        <line num="358" type="stmt" count="0"/>
        <line num="360" type="stmt" count="1"/>
        <line num="361" type="stmt" count="0"/>
        <line num="363" type="stmt" count="1"/>
        <line num="364" type="stmt" count="1"/>
        <line num="368" type="stmt" count="1"/>
        <line num="370" type="stmt" count="1"/>
        <line num="382" type="method" name="doDELETE" visibility="public" complexity="1" crap="2.00" count="0"/>
        <line num="384" type="stmt" count="0"/>
        <line num="386" type="stmt" count="0"/>
        <line num="388" type="stmt" count="0"/>
        <line num="390" type="stmt" count="0"/>
        <line num="400" type="method" name="during_displayPageHead_callback" visibility="public" complexity="12" crap="12.95" count="1"/>
        <line num="402" type="stmt" count="1"/>
        <line num="404" type="stmt" count="1"/>
        <line num="406" type="stmt" count="1"/>
        <line num="408" type="stmt" count="1"/>
        <line num="409" type="stmt" count="0"/>
        <line num="410" type="stmt" count="0"/>
        <line num="413" type="stmt" count="1"/>
        <line num="414" type="stmt" count="1"/>
        <line num="419" type="stmt" count="1"/>
        <line num="424" type="stmt" count="1"/>
        <line num="425" type="stmt" count="0"/>
        <line num="428" type="stmt" count="1"/>
        <line num="429" type="stmt" count="1"/>
        <line num="430" type="stmt" count="1"/>
        <line num="431" type="stmt" count="1"/>
        <line num="435" type="stmt" count="1"/>
        <line num="445" type="method" name="insert_CMSDisplayStandardHeader_callback" visibility="public" complexity="4" crap="4.01" count="1"/>
        <line num="447" type="stmt" count="1"/>
        <line num="448" type="stmt" count="0"/>
        <line num="451" type="stmt" count="1"/>
        <line num="452" type="stmt" count="1"/>
        <line num="455" type="stmt" count="1"/>
        <line num="457" type="stmt" count="1"/>
        <line num="459" type="stmt" count="1"/>
        <line num="460" type="stmt" count="1"/>
        <line num="461" type="stmt" count="1"/>
        <line num="462" type="stmt" count="1"/>
        <line num="463" type="stmt" count="1"/>
        <line num="466" type="stmt" count="1"/>
        <line num="468" type="stmt" count="1"/>
        <line num="479" type="method" name="before_displayPageFoot_callback" visibility="public" complexity="16" crap="16.12" count="1"/>
        <line num="481" type="stmt" count="1"/>
        <line num="482" type="stmt" count="1"/>
        <line num="483" type="stmt" count="1"/>
        <line num="485" type="stmt" count="1"/>
        <line num="486" type="stmt" count="1"/>
        <line num="489" type="stmt" count="1"/>
        <line num="490" type="stmt" count="1"/>
        <line num="491" type="stmt" count="1"/>
        <line num="493" type="stmt" count="1"/>
        <line num="496" type="stmt" count="1"/>
        <line num="497" type="stmt" count="1"/>
        <line num="498" type="stmt" count="1"/>
        <line num="499" type="stmt" count="1"/>
        <line num="502" type="stmt" count="1"/>
        <line num="503" type="stmt" count="1"/>
        <line num="506" type="stmt" count="1"/>
        <line num="507" type="stmt" count="1"/>
        <line num="508" type="stmt" count="1"/>
        <line num="509" type="stmt" count="1"/>
        <line num="512" type="stmt" count="1"/>
        <line num="513" type="stmt" count="1"/>
        <line num="516" type="stmt" count="1"/>
        <line num="518" type="stmt" count="1"/>
        <line num="519" type="stmt" count="1"/>
        <line num="520" type="stmt" count="1"/>
        <line num="521" type="stmt" count="1"/>
        <line num="524" type="stmt" count="1"/>
        <line num="525" type="stmt" count="1"/>
        <line num="526" type="stmt" count="1"/>
        <line num="527" type="stmt" count="1"/>
        <line num="528" type="stmt" count="1"/>
        <line num="532" type="stmt" count="1"/>
        <line num="533" type="stmt" count="0"/>
        <line num="534" type="stmt" count="0"/>
        <line num="535" type="stmt" count="0"/>
        <line num="539" type="stmt" count="1"/>
        <line num="540" type="stmt" count="1"/>
        <line num="544" type="stmt" count="1"/>
        <line num="546" type="stmt" count="1"/>
        <line num="556" type="method" name="renderComments" visibility="private" complexity="6" crap="6" count="1"/>
        <line num="558" type="stmt" count="1"/>
        <line num="559" type="stmt" count="1"/>
        <line num="560" type="stmt" count="1"/>
        <line num="562" type="stmt" count="1"/>
        <line num="564" type="stmt" count="1"/>
        <line num="565" type="stmt" count="1"/>
        <line num="567" type="stmt" count="1"/>
        <line num="569" type="stmt" count="1"/>
        <line num="571" type="stmt" count="1"/>
        <line num="572" type="stmt" count="1"/>
        <line num="574" type="stmt" count="1"/>
        <line num="575" type="stmt" count="1"/>
        <line num="576" type="stmt" count="1"/>
        <line num="580" type="stmt" count="1"/>
        <line num="581" type="stmt" count="1"/>
        <line num="582" type="stmt" count="1"/>
        <line num="584" type="stmt" count="1"/>
        <line num="585" type="stmt" count="1"/>
        <line num="588" type="stmt" count="1"/>
        <line num="598" type="method" name="renderTags" visibility="private" complexity="4" crap="4" count="1"/>
        <line num="600" type="stmt" count="1"/>
        <line num="601" type="stmt" count="1"/>
        <line num="603" type="stmt" count="1"/>
        <line num="605" type="stmt" count="1"/>
        <line num="606" type="stmt" count="1"/>
        <line num="608" type="stmt" count="1"/>
        <line num="609" type="stmt" count="1"/>
        <line num="611" type="stmt" count="1"/>
        <line num="612" type="stmt" count="1"/>
        <line num="614" type="stmt" count="1"/>
        <line num="618" type="stmt" count="1"/>
        <line num="628" type="method" name="renderVotes" visibility="private" complexity="5" crap="5" count="1"/>
        <line num="630" type="stmt" count="1"/>
        <line num="631" type="stmt" count="1"/>
        <line num="632" type="stmt" count="1"/>
        <line num="634" type="stmt" count="1"/>
        <line num="635" type="stmt" count="1"/>
        <line num="636" type="stmt" count="1"/>
        <line num="638" type="stmt" count="1"/>
        <line num="639" type="stmt" count="1"/>
        <line num="640" type="stmt" count="1"/>
        <line num="641" type="stmt" count="1"/>
        <line num="642" type="stmt" count="1"/>
        <line num="643" type="stmt" count="1"/>
        <line num="644" type="stmt" count="1"/>
        <line num="645" type="stmt" count="1"/>
        <line num="646" type="stmt" count="1"/>
        <line num="647" type="stmt" count="1"/>
        <line num="648" type="stmt" count="1"/>
        <line num="649" type="stmt" count="1"/>
        <line num="651" type="stmt" count="1"/>
        <line num="652" type="stmt" count="1"/>
        <line num="654" type="stmt" count="1"/>
        <line num="655" type="stmt" count="1"/>
        <line num="657" type="stmt" count="1"/>
        <line num="658" type="stmt" count="1"/>
        <line num="660" type="stmt" count="1"/>
        <line num="661" type="stmt" count="1"/>
        <line num="663" type="stmt" count="1"/>
        <line num="664" type="stmt" count="1"/>
        <line num="666" type="stmt" count="1"/>
        <line num="676" type="method" name="renderStandardFooter" visibility="private" complexity="1" crap="1" count="1"/>
        <line num="678" type="stmt" count="1"/>
        <line num="679" type="stmt" count="1"/>
        <line num="680" type="stmt" count="1"/>
        <line num="682" type="stmt" count="1"/>
        <metrics loc="684" ncloc="520" classes="1" methods="11" coveredmethods="5" conditionals="0" coveredconditionals="0" statements="278" coveredstatements="234" elements="289" coveredelements="239"/>
      </file>
      <file name="/home/john/Git/alpha/Alpha/Controller/AttachmentController.php">
        <class name="Alpha\Controller\AttachmentController" namespace="Alpha\Controller">
          <metrics complexity="20" methods="3" coveredmethods="1" conditionals="0" coveredconditionals="0" statements="69" coveredstatements="51" elements="72" coveredelements="52"/>
        </class>
        <line num="73" type="method" name="__construct" visibility="public" complexity="1" crap="1" count="2"/>
        <line num="75" type="stmt" count="2"/>
        <line num="76" type="stmt" count="2"/>
        <line num="79" type="stmt" count="2"/>
        <line num="81" type="stmt" count="2"/>
        <line num="82" type="stmt" count="2"/>
        <line num="93" type="method" name="doGET" visibility="public" complexity="6" crap="7.18" count="1"/>
        <line num="95" type="stmt" count="1"/>
        <line num="97" type="stmt" count="1"/>
        <line num="100" type="stmt" count="1"/>
        <line num="101" type="stmt" count="1"/>
        <line num="102" type="stmt" count="0"/>
        <line num="105" type="stmt" count="1"/>
        <line num="106" type="stmt" count="1"/>
        <line num="107" type="stmt" count="1"/>
        <line num="109" type="stmt" count="1"/>
        <line num="110" type="stmt" count="1"/>
        <line num="112" type="stmt" count="1"/>
        <line num="113" type="stmt" count="1"/>
        <line num="115" type="stmt" count="1"/>
        <line num="116" type="stmt" count="1"/>
        <line num="117" type="stmt" count="1"/>
        <line num="118" type="stmt" count="1"/>
        <line num="120" type="stmt" count="1"/>
        <line num="122" type="stmt" count="1"/>
        <line num="124" type="stmt" count="0"/>
        <line num="125" type="stmt" count="0"/>
        <line num="128" type="stmt" count="0"/>
        <line num="129" type="stmt" count="0"/>
        <line num="131" type="stmt" count="0"/>
        <line num="132" type="stmt" count="0"/>
        <line num="133" type="stmt" count="0"/>
        <line num="146" type="method" name="doPUT" visibility="public" complexity="13" crap="15.85" count="2"/>
        <line num="148" type="stmt" count="2"/>
        <line num="150" type="stmt" count="2"/>
        <line num="152" type="stmt" count="2"/>
        <line num="155" type="stmt" count="2"/>
        <line num="156" type="stmt" count="2"/>
        <line num="157" type="stmt" count="2"/>
        <line num="159" type="stmt" count="2"/>
        <line num="160" type="stmt" count="2"/>
        <line num="161" type="stmt" count="2"/>
        <line num="164" type="stmt" count="2"/>
        <line num="166" type="stmt" count="2"/>
        <line num="167" type="stmt" count="0"/>
        <line num="171" type="stmt" count="2"/>
        <line num="173" type="stmt" count="2"/>
        <line num="174" type="stmt" count="0"/>
        <line num="177" type="stmt" count="2"/>
        <line num="178" type="stmt" count="2"/>
        <line num="179" type="stmt" count="2"/>
        <line num="181" type="stmt" count="1"/>
        <line num="182" type="stmt" count="1"/>
        <line num="184" type="stmt" count="1"/>
        <line num="185" type="stmt" count="0"/>
        <line num="188" type="stmt" count="1"/>
        <line num="189" type="stmt" count="1"/>
        <line num="190" type="stmt" count="1"/>
        <line num="194" type="stmt" count="2"/>
        <line num="196" type="stmt" count="2"/>
        <line num="197" type="stmt" count="0"/>
        <line num="199" type="stmt" count="2"/>
        <line num="200" type="stmt" count="0"/>
        <line num="202" type="stmt" count="2"/>
        <line num="203" type="stmt" count="2"/>
        <line num="207" type="stmt" count="2"/>
        <line num="209" type="stmt" count="2"/>
        <line num="211" type="stmt" count="0"/>
        <line num="212" type="stmt" count="0"/>
        <line num="214" type="stmt" count="0"/>
        <line num="215" type="stmt" count="0"/>
        <line num="216" type="stmt" count="0"/>
        <metrics loc="219" ncloc="141" classes="1" methods="3" coveredmethods="1" conditionals="0" coveredconditionals="0" statements="69" coveredstatements="51" elements="72" coveredelements="52"/>
      </file>
      <file name="/home/john/Git/alpha/Alpha/Controller/CacheController.php">
        <class name="Alpha\Controller\CacheController" namespace="Alpha\Controller">
          <metrics complexity="14" methods="3" coveredmethods="1" conditionals="0" coveredconditionals="0" statements="63" coveredstatements="46" elements="66" coveredelements="47"/>
        </class>
        <line num="84" type="method" name="__construct" visibility="public" complexity="1" crap="1" count="2"/>
        <line num="86" type="stmt" count="2"/>
        <line num="87" type="stmt" count="2"/>
        <line num="89" type="stmt" count="2"/>
        <line num="92" type="stmt" count="2"/>
        <line num="94" type="stmt" count="2"/>
        <line num="95" type="stmt" count="2"/>
        <line num="97" type="stmt" count="2"/>
        <line num="98" type="stmt" count="2"/>
        <line num="111" type="method" name="doGET" visibility="public" complexity="4" crap="4" count="1"/>
        <line num="113" type="stmt" count="1"/>
        <line num="115" type="stmt" count="1"/>
        <line num="117" type="stmt" count="1"/>
        <line num="119" type="stmt" count="1"/>
        <line num="120" type="stmt" count="0"/>
        <line num="123" type="stmt" count="1"/>
        <line num="125" type="stmt" count="1"/>
        <line num="126" type="stmt" count="1"/>
        <line num="127" type="stmt" count="1"/>
        <line num="130" type="stmt" count="1"/>
        <line num="132" type="stmt" count="1"/>
        <line num="133" type="stmt" count="1"/>
        <line num="134" type="stmt" count="1"/>
        <line num="136" type="stmt" count="1"/>
        <line num="138" type="stmt" count="1"/>
        <line num="139" type="stmt" count="1"/>
        <line num="140" type="stmt" count="1"/>
        <line num="142" type="stmt" count="1"/>
        <line num="144" type="stmt" count="1"/>
        <line num="145" type="stmt" count="1"/>
        <line num="147" type="stmt" count="1"/>
        <line num="148" type="stmt" count="1"/>
        <line num="150" type="stmt" count="1"/>
        <line num="152" type="stmt" count="1"/>
        <line num="154" type="stmt" count="1"/>
        <line num="169" type="method" name="doPOST" visibility="public" complexity="9" crap="21.29" count="1"/>
        <line num="171" type="stmt" count="1"/>
        <line num="173" type="stmt" count="1"/>
        <line num="177" type="stmt" count="1"/>
        <line num="178" type="stmt" count="1"/>
        <line num="181" type="stmt" count="0"/>
        <line num="182" type="stmt" count="0"/>
        <line num="185" type="stmt" count="0"/>
        <line num="187" type="stmt" count="0"/>
        <line num="189" type="stmt" count="0"/>
        <line num="191" type="stmt" count="0"/>
        <line num="192" type="stmt" count="0"/>
        <line num="193" type="stmt" count="0"/>
        <line num="195" type="stmt" count="0"/>
        <line num="196" type="stmt" count="0"/>
        <line num="197" type="stmt" count="0"/>
        <line num="198" type="stmt" count="0"/>
        <line num="202" type="stmt" count="0"/>
        <line num="203" type="stmt" count="1"/>
        <line num="204" type="stmt" count="1"/>
        <line num="206" type="stmt" count="1"/>
        <line num="207" type="stmt" count="0"/>
        <line num="208" type="stmt" count="0"/>
        <line num="209" type="stmt" count="0"/>
        <line num="212" type="stmt" count="1"/>
        <line num="214" type="stmt" count="1"/>
        <line num="215" type="stmt" count="1"/>
        <line num="216" type="stmt" count="1"/>
        <line num="219" type="stmt" count="1"/>
        <line num="220" type="stmt" count="1"/>
        <line num="222" type="stmt" count="1"/>
        <metrics loc="224" ncloc="136" classes="1" methods="3" coveredmethods="1" conditionals="0" coveredconditionals="0" statements="63" coveredstatements="46" elements="66" coveredelements="47"/>
      </file>
      <file name="/home/john/Git/alpha/Alpha/Controller/Controller.php">
        <class name="Alpha\Controller\Controller" namespace="Alpha\Controller">
          <metrics complexity="162" methods="56" coveredmethods="28" conditionals="0" coveredconditionals="0" statements="512" coveredstatements="366" elements="568" coveredelements="394"/>
        </class>
        <line num="256" type="method" name="__construct" visibility="public" complexity="9" crap="9" count="65"/>
        <line num="258" type="stmt" count="65"/>
        <line num="259" type="stmt" count="65"/>
        <line num="261" type="stmt" count="65"/>
        <line num="264" type="stmt" count="65"/>
        <line num="266" type="stmt" count="65"/>
        <line num="267" type="stmt" count="65"/>
        <line num="268" type="stmt" count="65"/>
        <line num="271" type="stmt" count="65"/>
        <line num="272" type="stmt" count="65"/>
        <line num="275" type="stmt" count="65"/>
        <line num="276" type="stmt" count="65"/>
        <line num="278" type="stmt" count="65"/>
        <line num="279" type="stmt" count="8"/>
        <line num="282" type="stmt" count="65"/>
        <line num="283" type="stmt" count="1"/>
        <line num="286" type="stmt" count="65"/>
        <line num="287" type="stmt" count="2"/>
        <line num="290" type="stmt" count="65"/>
        <line num="291" type="stmt" count="8"/>
        <line num="294" type="stmt" count="65"/>
        <line num="295" type="stmt" count="65"/>
        <line num="304" type="method" name="getRecord" visibility="public" complexity="1" crap="1" count="25"/>
        <line num="306" type="stmt" count="25"/>
        <line num="307" type="stmt" count="25"/>
        <line num="309" type="stmt" count="25"/>
        <line num="319" type="method" name="setRecord" visibility="public" complexity="4" crap="4" count="4"/>
        <line num="321" type="stmt" count="4"/>
        <line num="322" type="stmt" count="4"/>
        <line num="325" type="stmt" count="4"/>
        <line num="326" type="stmt" count="1"/>
        <line num="328" type="stmt" count="1"/>
        <line num="330" type="stmt" count="1"/>
        <line num="331" type="stmt" count="1"/>
        <line num="332" type="stmt" count="1"/>
        <line num="336" type="stmt" count="1"/>
        <line num="339" type="stmt" count="4"/>
        <line num="340" type="stmt" count="4"/>
        <line num="349" type="method" name="getName" visibility="public" complexity="1" crap="1" count="1"/>
        <line num="351" type="stmt" count="1"/>
        <line num="352" type="stmt" count="1"/>
        <line num="354" type="stmt" count="1"/>
        <line num="364" type="method" name="setName" visibility="public" complexity="1" crap="1" count="65"/>
        <line num="366" type="stmt" count="65"/>
        <line num="367" type="stmt" count="65"/>
        <line num="368" type="stmt" count="65"/>
        <line num="369" type="stmt" count="65"/>
        <line num="378" type="method" name="getVisibility" visibility="public" complexity="1" crap="1" count="41"/>
        <line num="380" type="stmt" count="41"/>
        <line num="381" type="stmt" count="41"/>
        <line num="383" type="stmt" count="41"/>
        <line num="393" type="method" name="setVisibility" visibility="public" complexity="1" crap="2.00" count="0"/>
        <line num="395" type="stmt" count="0"/>
        <line num="396" type="stmt" count="0"/>
        <line num="397" type="stmt" count="0"/>
        <line num="398" type="stmt" count="0"/>
        <line num="407" type="method" name="getFirstJob" visibility="public" complexity="1" crap="1" count="2"/>
        <line num="409" type="stmt" count="2"/>
        <line num="410" type="stmt" count="2"/>
        <line num="412" type="stmt" count="2"/>
        <line num="422" type="method" name="getNextJob" visibility="public" complexity="1" crap="1" count="12"/>
        <line num="424" type="stmt" count="12"/>
        <line num="425" type="stmt" count="12"/>
        <line num="427" type="stmt" count="12"/>
        <line num="437" type="method" name="getPreviousJob" visibility="public" complexity="1" crap="1" count="1"/>
        <line num="439" type="stmt" count="1"/>
        <line num="440" type="stmt" count="1"/>
        <line num="442" type="stmt" count="1"/>
        <line num="452" type="method" name="getLastJob" visibility="public" complexity="1" crap="1" count="1"/>
        <line num="454" type="stmt" count="1"/>
        <line num="455" type="stmt" count="1"/>
        <line num="457" type="stmt" count="1"/>
        <line num="470" type="method" name="setUnitOfWork" visibility="public" complexity="15" crap="15.19" count="14"/>
        <line num="472" type="stmt" count="14"/>
        <line num="474" type="stmt" count="14"/>
        <line num="475" type="stmt" count="0"/>
        <line num="478" type="stmt" count="14"/>
        <line num="479" type="stmt" count="0"/>
        <line num="480" type="stmt" count="0"/>
        <line num="484" type="stmt" count="14"/>
        <line num="485" type="stmt" count="8"/>
        <line num="486" type="stmt" count="8"/>
        <line num="491" type="stmt" count="13"/>
        <line num="492" type="stmt" count="13"/>
        <line num="493" type="stmt" count="13"/>
        <line num="494" type="stmt" count="13"/>
        <line num="495" type="stmt" count="13"/>
        <line num="496" type="stmt" count="13"/>
        <line num="497" type="stmt" count="13"/>
        <line num="498" type="stmt" count="13"/>
        <line num="499" type="stmt" count="13"/>
        <line num="500" type="stmt" count="13"/>
        <line num="502" type="stmt" count="13"/>
        <line num="504" type="stmt" count="13"/>
        <line num="506" type="stmt" count="7"/>
        <line num="507" type="stmt" count="7"/>
        <line num="508" type="stmt" count="7"/>
        <line num="511" type="stmt" count="7"/>
        <line num="512" type="stmt" count="7"/>
        <line num="514" type="stmt" count="3"/>
        <line num="515" type="stmt" count="3"/>
        <line num="517" type="stmt" count="7"/>
        <line num="519" type="stmt" count="6"/>
        <line num="520" type="stmt" count="6"/>
        <line num="524" type="stmt" count="7"/>
        <line num="525" type="stmt" count="7"/>
        <line num="529" type="stmt" count="13"/>
        <line num="530" type="stmt" count="11"/>
        <line num="533" type="stmt" count="13"/>
        <line num="534" type="stmt" count="8"/>
        <line num="537" type="stmt" count="13"/>
        <line num="539" type="stmt" count="13"/>
        <line num="540" type="stmt" count="0"/>
        <line num="543" type="stmt" count="13"/>
        <line num="544" type="stmt" count="13"/>
        <line num="553" type="method" name="getStartTime" visibility="public" complexity="1" crap="2.00" count="0"/>
        <line num="555" type="stmt" count="0"/>
        <line num="556" type="stmt" count="0"/>
        <line num="558" type="stmt" count="0"/>
        <line num="573" type="method" name="setUnitStartTime" visibility="public" complexity="1" crap="2.00" count="0"/>
        <line num="575" type="stmt" count="0"/>
        <line num="576" type="stmt" count="0"/>
        <line num="578" type="stmt" count="0"/>
        <line num="579" type="stmt" count="0"/>
        <line num="580" type="stmt" count="0"/>
        <line num="582" type="stmt" count="0"/>
        <line num="583" type="stmt" count="0"/>
        <line num="585" type="stmt" count="0"/>
        <line num="586" type="stmt" count="0"/>
        <line num="595" type="method" name="getEndTime" visibility="public" complexity="1" crap="2.00" count="0"/>
        <line num="597" type="stmt" count="0"/>
        <line num="598" type="stmt" count="0"/>
        <line num="600" type="stmt" count="0"/>
        <line num="615" type="method" name="setUnitEndTime" visibility="public" complexity="1" crap="1" count="2"/>
        <line num="617" type="stmt" count="2"/>
        <line num="618" type="stmt" count="2"/>
        <line num="620" type="stmt" count="2"/>
        <line num="621" type="stmt" count="2"/>
        <line num="622" type="stmt" count="2"/>
        <line num="624" type="stmt" count="2"/>
        <line num="625" type="stmt" count="2"/>
        <line num="627" type="stmt" count="2"/>
        <line num="628" type="stmt" count="2"/>
        <line num="637" type="method" name="getMAXDuration" visibility="public" complexity="1" crap="2.00" count="0"/>
        <line num="639" type="stmt" count="0"/>
        <line num="640" type="stmt" count="0"/>
        <line num="642" type="stmt" count="0"/>
        <line num="652" type="method" name="setUnitMAXDuration" visibility="public" complexity="1" crap="2.00" count="0"/>
        <line num="654" type="stmt" count="0"/>
        <line num="655" type="stmt" count="0"/>
        <line num="656" type="stmt" count="0"/>
        <line num="657" type="stmt" count="0"/>
        <line num="666" type="method" name="getUnitDuration" visibility="public" complexity="1" crap="1" count="2"/>
        <line num="668" type="stmt" count="2"/>
        <line num="670" type="stmt" count="2"/>
        <line num="671" type="stmt" count="2"/>
        <line num="672" type="stmt" count="2"/>
        <line num="673" type="stmt" count="2"/>
        <line num="674" type="stmt" count="2"/>
        <line num="675" type="stmt" count="2"/>
        <line num="676" type="stmt" count="2"/>
        <line num="679" type="stmt" count="2"/>
        <line num="680" type="stmt" count="2"/>
        <line num="681" type="stmt" count="2"/>
        <line num="682" type="stmt" count="2"/>
        <line num="683" type="stmt" count="2"/>
        <line num="684" type="stmt" count="2"/>
        <line num="685" type="stmt" count="2"/>
        <line num="688" type="stmt" count="2"/>
        <line num="690" type="stmt" count="2"/>
        <line num="700" type="method" name="markDirty" visibility="public" complexity="3" crap="3.04" count="4"/>
        <line num="702" type="stmt" count="4"/>
        <line num="704" type="stmt" count="4"/>
        <line num="705" type="stmt" count="0"/>
        <line num="708" type="stmt" count="4"/>
        <line num="710" type="stmt" count="4"/>
        <line num="711" type="stmt" count="4"/>
        <line num="712" type="stmt" count="4"/>
        <line num="714" type="stmt" count="4"/>
        <line num="716" type="stmt" count="4"/>
        <line num="717" type="stmt" count="0"/>
        <line num="720" type="stmt" count="4"/>
        <line num="721" type="stmt" count="4"/>
        <line num="730" type="method" name="getDirtyObjects" visibility="public" complexity="1" crap="1" count="4"/>
        <line num="732" type="stmt" count="4"/>
        <line num="733" type="stmt" count="4"/>
        <line num="735" type="stmt" count="4"/>
        <line num="745" type="method" name="markNew" visibility="public" complexity="3" crap="3.04" count="5"/>
        <line num="747" type="stmt" count="5"/>
        <line num="749" type="stmt" count="5"/>
        <line num="750" type="stmt" count="0"/>
        <line num="753" type="stmt" count="5"/>
        <line num="755" type="stmt" count="5"/>
        <line num="756" type="stmt" count="5"/>
        <line num="757" type="stmt" count="5"/>
        <line num="759" type="stmt" count="5"/>
        <line num="761" type="stmt" count="5"/>
        <line num="762" type="stmt" count="0"/>
        <line num="765" type="stmt" count="5"/>
        <line num="766" type="stmt" count="5"/>
        <line num="775" type="method" name="getNewObjects" visibility="public" complexity="1" crap="1" count="5"/>
        <line num="777" type="stmt" count="5"/>
        <line num="778" type="stmt" count="5"/>
        <line num="780" type="stmt" count="5"/>
        <line num="790" type="method" name="commit" visibility="public" complexity="10" crap="28.28" count="2"/>
        <line num="792" type="stmt" count="2"/>
        <line num="794" type="stmt" count="2"/>
        <line num="795" type="stmt" count="0"/>
        <line num="798" type="stmt" count="2"/>
        <line num="800" type="stmt" count="2"/>
        <line num="802" type="stmt" count="2"/>
        <line num="804" type="stmt" count="2"/>
        <line num="806" type="stmt" count="2"/>
        <line num="807" type="stmt" count="0"/>
        <line num="808" type="stmt" count="0"/>
        <line num="809" type="stmt" count="0"/>
        <line num="811" type="stmt" count="0"/>
        <line num="812" type="stmt" count="0"/>
        <line num="813" type="stmt" count="0"/>
        <line num="814" type="stmt" count="0"/>
        <line num="816" type="stmt" count="0"/>
        <line num="820" type="stmt" count="2"/>
        <line num="822" type="stmt" count="2"/>
        <line num="824" type="stmt" count="2"/>
        <line num="826" type="stmt" count="2"/>
        <line num="827" type="stmt" count="0"/>
        <line num="828" type="stmt" count="0"/>
        <line num="829" type="stmt" count="0"/>
        <line num="831" type="stmt" count="0"/>
        <line num="832" type="stmt" count="0"/>
        <line num="833" type="stmt" count="0"/>
        <line num="834" type="stmt" count="0"/>
        <line num="836" type="stmt" count="0"/>
        <line num="841" type="stmt" count="2"/>
        <line num="843" type="stmt" count="2"/>
        <line num="845" type="stmt" count="2"/>
        <line num="846" type="stmt" count="0"/>
        <line num="849" type="stmt" count="2"/>
        <line num="850" type="stmt" count="0"/>
        <line num="851" type="stmt" count="0"/>
        <line num="852" type="stmt" count="0"/>
        <line num="854" type="stmt" count="2"/>
        <line num="863" type="method" name="abort" visibility="public" complexity="4" crap="5.16" count="27"/>
        <line num="865" type="stmt" count="27"/>
        <line num="867" type="stmt" count="27"/>
        <line num="868" type="stmt" count="0"/>
        <line num="872" type="stmt" count="27"/>
        <line num="874" type="stmt" count="27"/>
        <line num="876" type="stmt" count="27"/>
        <line num="877" type="stmt" count="0"/>
        <line num="880" type="stmt" count="27"/>
        <line num="881" type="stmt" count="0"/>
        <line num="882" type="stmt" count="0"/>
        <line num="883" type="stmt" count="0"/>
        <line num="885" type="stmt" count="27"/>
        <line num="892" type="method" name="clearUnitOfWorkAttributes" visibility="public" complexity="1" crap="1" count="28"/>
        <line num="894" type="stmt" count="28"/>
        <line num="895" type="stmt" count="28"/>
        <line num="896" type="stmt" count="28"/>
        <line num="898" type="stmt" count="28"/>
        <line num="899" type="stmt" count="28"/>
        <line num="900" type="stmt" count="28"/>
        <line num="901" type="stmt" count="28"/>
        <line num="902" type="stmt" count="28"/>
        <line num="903" type="stmt" count="28"/>
        <line num="904" type="stmt" count="28"/>
        <line num="913" type="method" name="getTitle" visibility="public" complexity="1" crap="1" count="25"/>
        <line num="915" type="stmt" count="25"/>
        <line num="916" type="stmt" count="25"/>
        <line num="918" type="stmt" count="25"/>
        <line num="928" type="method" name="setTitle" visibility="public" complexity="1" crap="1" count="27"/>
        <line num="930" type="stmt" count="27"/>
        <line num="931" type="stmt" count="27"/>
        <line num="932" type="stmt" count="27"/>
        <line num="933" type="stmt" count="27"/>
        <line num="942" type="method" name="getDescription" visibility="public" complexity="1" crap="1" count="25"/>
        <line num="944" type="stmt" count="25"/>
        <line num="945" type="stmt" count="25"/>
        <line num="947" type="stmt" count="25"/>
        <line num="957" type="method" name="setDescription" visibility="public" complexity="1" crap="1" count="16"/>
        <line num="959" type="stmt" count="16"/>
        <line num="960" type="stmt" count="16"/>
        <line num="961" type="stmt" count="16"/>
        <line num="962" type="stmt" count="16"/>
        <line num="971" type="method" name="getKeywords" visibility="public" complexity="1" crap="1" count="1"/>
        <line num="973" type="stmt" count="1"/>
        <line num="974" type="stmt" count="1"/>
        <line num="976" type="stmt" count="1"/>
        <line num="986" type="method" name="setKeywords" visibility="public" complexity="1" crap="1" count="17"/>
        <line num="988" type="stmt" count="17"/>
        <line num="989" type="stmt" count="17"/>
        <line num="990" type="stmt" count="17"/>
        <line num="991" type="stmt" count="17"/>
        <line num="1000" type="method" name="accessError" visibility="public" complexity="4" crap="4.13" count="1"/>
        <line num="1002" type="stmt" count="1"/>
        <line num="1004" type="stmt" count="1"/>
        <line num="1005" type="stmt" count="0"/>
        <line num="1008" type="stmt" count="1"/>
        <line num="1010" type="stmt" count="1"/>
        <line num="1011" type="stmt" count="1"/>
        <line num="1013" type="stmt" count="1"/>
        <line num="1014" type="stmt" count="1"/>
        <line num="1016" type="stmt" count="0"/>
        <line num="1019" type="stmt" count="1"/>
        <line num="1020" type="stmt" count="1"/>
        <line num="1022" type="stmt" count="1"/>
        <line num="1023" type="stmt" count="0"/>
        <line num="1026" type="stmt" count="1"/>
        <line num="1028" type="stmt" count="1"/>
        <line num="1040" type="method" name="checkRights" visibility="public" complexity="15" crap="31.28" count="40"/>
        <line num="1042" type="stmt" count="40"/>
        <line num="1044" type="stmt" count="40"/>
        <line num="1046" type="stmt" count="40"/>
        <line num="1047" type="stmt" count="40"/>
        <line num="1049" type="stmt" count="40"/>
        <line num="1050" type="stmt" count="0"/>
        <line num="1054" type="stmt" count="40"/>
        <line num="1055" type="stmt" count="17"/>
        <line num="1056" type="stmt" count="0"/>
        <line num="1059" type="stmt" count="17"/>
        <line num="1061" type="stmt" count="17"/>
        <line num="1064" type="stmt" count="24"/>
        <line num="1067" type="stmt" count="23"/>
        <line num="1068" type="stmt" count="0"/>
        <line num="1069" type="stmt" count="0"/>
        <line num="1072" type="stmt" count="0"/>
        <line num="1074" type="stmt" count="0"/>
        <line num="1078" type="stmt" count="23"/>
        <line num="1079" type="stmt" count="22"/>
        <line num="1080" type="stmt" count="0"/>
        <line num="1083" type="stmt" count="22"/>
        <line num="1085" type="stmt" count="22"/>
        <line num="1086" type="stmt" count="1"/>
        <line num="1087" type="stmt" count="0"/>
        <line num="1088" type="stmt" count="0"/>
        <line num="1091" type="stmt" count="0"/>
        <line num="1093" type="stmt" count="0"/>
        <line num="1095" type="stmt" count="1"/>
        <line num="1096" type="stmt" count="0"/>
        <line num="1097" type="stmt" count="0"/>
        <line num="1100" type="stmt" count="0"/>
        <line num="1102" type="stmt" count="0"/>
        <line num="1104" type="stmt" count="1"/>
        <line num="1106" type="stmt" count="1"/>
        <line num="1109" type="stmt" count="1"/>
        <line num="1111" type="stmt" count="1"/>
        <line num="1125" type="method" name="checkSecurityFields" visibility="public" complexity="7" crap="10.14" count="16"/>
        <line num="1127" type="stmt" count="16"/>
        <line num="1129" type="stmt" count="16"/>
        <line num="1130" type="stmt" count="16"/>
        <line num="1133" type="stmt" count="16"/>
        <line num="1135" type="stmt" count="16"/>
        <line num="1137" type="stmt" count="16"/>
        <line num="1138" type="stmt" count="3"/>
        <line num="1139" type="stmt" count="3"/>
        <line num="1141" type="stmt" count="3"/>
        <line num="1144" type="stmt" count="15"/>
        <line num="1145" type="stmt" count="15"/>
        <line num="1147" type="stmt" count="15"/>
        <line num="1156" type="stmt" count="0"/>
        <line num="1158" type="stmt" count="0"/>
        <line num="1160" type="stmt" count="0"/>
        <line num="1161" type="stmt" count="0"/>
        <line num="1163" type="stmt" count="0"/>
        <line num="1165" type="stmt" count="0"/>
        <line num="1166" type="stmt" count="0"/>
        <line num="1168" type="stmt" count="0"/>
        <line num="1180" type="method" name="generateSecurityFields" visibility="public" complexity="2" crap="2.00" count="34"/>
        <line num="1182" type="stmt" count="34"/>
        <line num="1183" type="stmt" count="0"/>
        <line num="1185" type="stmt" count="34"/>
        <line num="1187" type="stmt" count="34"/>
        <line num="1189" type="stmt" count="34"/>
        <line num="1190" type="stmt" count="34"/>
        <line num="1193" type="stmt" count="34"/>
        <line num="1195" type="stmt" count="34"/>
        <line num="1197" type="stmt" count="34"/>
        <line num="1199" type="stmt" count="34"/>
        <line num="1211" type="method" name="getCustomControllerName" visibility="public" complexity="5" crap="5.20" count="6"/>
        <line num="1213" type="stmt" count="6"/>
        <line num="1214" type="stmt" count="0"/>
        <line num="1216" type="stmt" count="6"/>
        <line num="1218" type="stmt" count="6"/>
        <line num="1221" type="stmt" count="6"/>
        <line num="1222" type="stmt" count="5"/>
        <line num="1223" type="stmt" count="1"/>
        <line num="1224" type="stmt" count="1"/>
        <line num="1226" type="stmt" count="1"/>
        <line num="1229" type="stmt" count="5"/>
        <line num="1231" type="stmt" count="5"/>
        <line num="1232" type="stmt" count="0"/>
        <line num="1233" type="stmt" count="0"/>
        <line num="1235" type="stmt" count="0"/>
        <line num="1236" type="stmt" count="5"/>
        <line num="1237" type="stmt" count="2"/>
        <line num="1238" type="stmt" count="2"/>
        <line num="1240" type="stmt" count="2"/>
        <line num="1242" type="stmt" count="5"/>
        <line num="1244" type="stmt" count="5"/>
        <line num="1255" type="method" name="setStatusMessage" visibility="public" complexity="1" crap="1" count="13"/>
        <line num="1257" type="stmt" count="13"/>
        <line num="1258" type="stmt" count="13"/>
        <line num="1259" type="stmt" count="13"/>
        <line num="1261" type="stmt" count="13"/>
        <line num="1262" type="stmt" count="13"/>
        <line num="1263" type="stmt" count="13"/>
        <line num="1274" type="method" name="getStatusMessage" visibility="public" complexity="1" crap="1" count="9"/>
        <line num="1276" type="stmt" count="9"/>
        <line num="1277" type="stmt" count="9"/>
        <line num="1278" type="stmt" count="9"/>
        <line num="1280" type="stmt" count="9"/>
        <line num="1282" type="stmt" count="9"/>
        <line num="1296" type="method" name="checkControllerDefExists" visibility="public" complexity="5" crap="5.09" count="1"/>
        <line num="1298" type="stmt" count="1"/>
        <line num="1299" type="stmt" count="0"/>
        <line num="1301" type="stmt" count="1"/>
        <line num="1303" type="stmt" count="1"/>
        <line num="1305" type="stmt" count="1"/>
        <line num="1307" type="stmt" count="1"/>
        <line num="1308" type="stmt" count="1"/>
        <line num="1310" type="stmt" count="1"/>
        <line num="1311" type="stmt" count="0"/>
        <line num="1313" type="stmt" count="1"/>
        <line num="1314" type="stmt" count="1"/>
        <line num="1317" type="stmt" count="1"/>
        <line num="1319" type="stmt" count="1"/>
        <line num="1331" type="method" name="loadControllerDef" visibility="public" complexity="4" crap="5.50" count="1"/>
        <line num="1333" type="stmt" count="1"/>
        <line num="1334" type="stmt" count="0"/>
        <line num="1336" type="stmt" count="1"/>
        <line num="1338" type="stmt" count="1"/>
        <line num="1340" type="stmt" count="1"/>
        <line num="1341" type="stmt" count="0"/>
        <line num="1342" type="stmt" count="1"/>
        <line num="1343" type="stmt" count="0"/>
        <line num="1345" type="stmt" count="1"/>
        <line num="1348" type="stmt" count="0"/>
        <line num="1349" type="stmt" count="0"/>
        <line num="1358" type="method" name="checkIfAccessingFromSecureURL" visibility="public" complexity="3" crap="3" count="26"/>
        <line num="1360" type="stmt" count="26"/>
        <line num="1361" type="stmt" count="1"/>
        <line num="1363" type="stmt" count="26"/>
        <line num="1376" type="method" name="decryptFieldNames" visibility="private" complexity="3" crap="12.00" count="0"/>
        <line num="1378" type="stmt" count="0"/>
        <line num="1380" type="stmt" count="0"/>
        <line num="1383" type="stmt" count="0"/>
        <line num="1384" type="stmt" count="0"/>
        <line num="1388" type="stmt" count="0"/>
        <line num="1403" type="method" name="generateURLSlug" visibility="public" complexity="3" crap="12.00" count="0"/>
        <line num="1405" type="stmt" count="0"/>
        <line num="1407" type="stmt" count="0"/>
        <line num="1408" type="stmt" count="0"/>
        <line num="1411" type="stmt" count="0"/>
        <line num="1412" type="stmt" count="0"/>
        <line num="1413" type="stmt" count="0"/>
        <line num="1414" type="stmt" count="0"/>
        <line num="1416" type="stmt" count="0"/>
        <line num="1417" type="stmt" count="0"/>
        <line num="1420" type="stmt" count="0"/>
        <line num="1431" type="method" name="doHEAD" visibility="public" complexity="1" crap="2.00" count="0"/>
        <line num="1433" type="stmt" count="0"/>
        <line num="1434" type="stmt" count="0"/>
        <line num="1445" type="method" name="doGET" visibility="public" complexity="1" crap="2.00" count="0"/>
        <line num="1447" type="stmt" count="0"/>
        <line num="1448" type="stmt" count="0"/>
        <line num="1459" type="method" name="doPOST" visibility="public" complexity="1" crap="2.00" count="0"/>
        <line num="1461" type="stmt" count="0"/>
        <line num="1462" type="stmt" count="0"/>
        <line num="1473" type="method" name="doPUT" visibility="public" complexity="1" crap="2.00" count="0"/>
        <line num="1475" type="stmt" count="0"/>
        <line num="1476" type="stmt" count="0"/>
        <line num="1487" type="method" name="doPATCH" visibility="public" complexity="1" crap="2.00" count="0"/>
        <line num="1489" type="stmt" count="0"/>
        <line num="1490" type="stmt" count="0"/>
        <line num="1501" type="method" name="doDELETE" visibility="public" complexity="1" crap="1" count="1"/>
        <line num="1503" type="stmt" count="1"/>
        <line num="1504" type="stmt" count="1"/>
        <line num="1513" type="method" name="doOPTIONS" visibility="public" complexity="3" crap="3" count="2"/>
        <line num="1515" type="stmt" count="2"/>
        <line num="1516" type="stmt" count="2"/>
        <line num="1518" type="stmt" count="2"/>
        <line num="1519" type="stmt" count="2"/>
        <line num="1520" type="stmt" count="2"/>
        <line num="1522" type="stmt" count="2"/>
        <line num="1523" type="stmt" count="2"/>
        <line num="1527" type="stmt" count="2"/>
        <line num="1529" type="stmt" count="2"/>
        <line num="1530" type="stmt" count="2"/>
        <line num="1532" type="stmt" count="2"/>
        <line num="1541" type="method" name="doTRACE" visibility="public" complexity="3" crap="3" count="1"/>
        <line num="1543" type="stmt" count="1"/>
        <line num="1544" type="stmt" count="1"/>
        <line num="1546" type="stmt" count="1"/>
        <line num="1547" type="stmt" count="1"/>
        <line num="1548" type="stmt" count="1"/>
        <line num="1550" type="stmt" count="1"/>
        <line num="1551" type="stmt" count="1"/>
        <line num="1555" type="stmt" count="1"/>
        <line num="1557" type="stmt" count="1"/>
        <line num="1558" type="stmt" count="1"/>
        <line num="1560" type="stmt" count="1"/>
        <line num="1573" type="method" name="process" visibility="public" complexity="16" crap="20.00" count="40"/>
        <line num="1575" type="stmt" count="40"/>
        <line num="1576" type="stmt" count="0"/>
        <line num="1579" type="stmt" count="40"/>
        <line num="1581" type="stmt" count="40"/>
        <line num="1583" type="stmt" count="40"/>
        <line num="1584" type="stmt" count="16"/>
        <line num="1585" type="stmt" count="0"/>
        <line num="1586" type="stmt" count="0"/>
        <line num="1588" type="stmt" count="0"/>
        <line num="1589" type="stmt" count="0"/>
        <line num="1590" type="stmt" count="0"/>
        <line num="1595" type="stmt" count="40"/>
        <line num="1597" type="stmt" count="40"/>
        <line num="1598" type="stmt" count="5"/>
        <line num="1601" type="stmt" count="40"/>
        <line num="1604" type="stmt" count="40"/>
        <line num="1605" type="stmt" count="1"/>
        <line num="1608" type="stmt" count="39"/>
        <line num="1609" type="stmt" count="39"/>
        <line num="1610" type="stmt" count="0"/>
        <line num="1611" type="stmt" count="0"/>
        <line num="1612" type="stmt" count="39"/>
        <line num="1613" type="stmt" count="21"/>
        <line num="1614" type="stmt" count="21"/>
        <line num="1615" type="stmt" count="20"/>
        <line num="1616" type="stmt" count="12"/>
        <line num="1617" type="stmt" count="12"/>
        <line num="1618" type="stmt" count="9"/>
        <line num="1619" type="stmt" count="4"/>
        <line num="1620" type="stmt" count="4"/>
        <line num="1621" type="stmt" count="5"/>
        <line num="1622" type="stmt" count="0"/>
        <line num="1623" type="stmt" count="0"/>
        <line num="1624" type="stmt" count="5"/>
        <line num="1625" type="stmt" count="3"/>
        <line num="1626" type="stmt" count="2"/>
        <line num="1627" type="stmt" count="3"/>
        <line num="1628" type="stmt" count="2"/>
        <line num="1629" type="stmt" count="2"/>
        <line num="1630" type="stmt" count="1"/>
        <line num="1631" type="stmt" count="1"/>
        <line num="1632" type="stmt" count="1"/>
        <line num="1634" type="stmt" count="0"/>
        <line num="1637" type="stmt" count="39"/>
        <line num="1647" type="method" name="getRequest" visibility="public" complexity="1" crap="1" count="1"/>
        <line num="1649" type="stmt" count="1"/>
        <line num="1659" type="method" name="setRequest" visibility="public" complexity="2" crap="2.06" count="2"/>
        <line num="1661" type="stmt" count="2"/>
        <line num="1662" type="stmt" count="2"/>
        <line num="1664" type="stmt" count="0"/>
        <line num="1666" type="stmt" count="2"/>
        <line num="1675" type="method" name="after_displayPageHead_callback" visibility="public" complexity="5" crap="17.13" count="25"/>
        <line num="1677" type="stmt" count="25"/>
        <line num="1679" type="stmt" count="25"/>
        <line num="1680" type="stmt" count="0"/>
        <line num="1681" type="stmt" count="0"/>
        <line num="1682" type="stmt" count="0"/>
        <line num="1684" type="stmt" count="0"/>
        <line num="1685" type="stmt" count="0"/>
        <line num="1687" type="stmt" count="0"/>
        <line num="1688" type="stmt" count="0"/>
        <line num="1689" type="stmt" count="0"/>
        <line num="1691" type="stmt" count="0"/>
        <line num="1694" type="stmt" count="0"/>
        <line num="1697" type="stmt" count="25"/>
        <line num="1699" type="stmt" count="0"/>
        <metrics loc="1700" ncloc="1033" classes="1" methods="56" coveredmethods="28" conditionals="0" coveredconditionals="0" statements="512" coveredstatements="366" elements="568" coveredelements="394"/>
      </file>
      <file name="/home/john/Git/alpha/Alpha/Controller/DEnumController.php">
        <class name="Alpha\Controller\DEnumController" namespace="Alpha\Controller">
          <metrics complexity="24" methods="4" coveredmethods="1" conditionals="0" coveredconditionals="0" statements="109" coveredstatements="61" elements="113" coveredelements="62"/>
        </class>
        <line num="84" type="method" name="__construct" visibility="public" complexity="1" crap="1" count="2"/>
        <line num="86" type="stmt" count="2"/>
        <line num="87" type="stmt" count="2"/>
        <line num="90" type="stmt" count="2"/>
        <line num="92" type="stmt" count="2"/>
        <line num="94" type="stmt" count="2"/>
        <line num="95" type="stmt" count="2"/>
        <line num="106" type="method" name="doGET" visibility="public" complexity="8" crap="8.03" count="2"/>
        <line num="108" type="stmt" count="2"/>
        <line num="110" type="stmt" count="2"/>
        <line num="112" type="stmt" count="2"/>
        <line num="115" type="stmt" count="2"/>
        <line num="116" type="stmt" count="1"/>
        <line num="119" type="stmt" count="1"/>
        <line num="120" type="stmt" count="1"/>
        <line num="121" type="stmt" count="1"/>
        <line num="123" type="stmt" count="1"/>
        <line num="125" type="stmt" count="1"/>
        <line num="126" type="stmt" count="1"/>
        <line num="127" type="stmt" count="1"/>
        <line num="131" type="stmt" count="1"/>
        <line num="133" type="stmt" count="1"/>
        <line num="135" type="stmt" count="1"/>
        <line num="137" type="stmt" count="1"/>
        <line num="139" type="stmt" count="1"/>
        <line num="140" type="stmt" count="0"/>
        <line num="141" type="stmt" count="1"/>
        <line num="145" type="stmt" count="1"/>
        <line num="146" type="stmt" count="1"/>
        <line num="147" type="stmt" count="1"/>
        <line num="149" type="stmt" count="1"/>
        <line num="152" type="stmt" count="1"/>
        <line num="153" type="stmt" count="0"/>
        <line num="154" type="stmt" count="0"/>
        <line num="160" type="stmt" count="1"/>
        <line num="162" type="stmt" count="1"/>
        <line num="164" type="stmt" count="1"/>
        <line num="166" type="stmt" count="1"/>
        <line num="168" type="stmt" count="1"/>
        <line num="170" type="stmt" count="1"/>
        <line num="171" type="stmt" count="1"/>
        <line num="172" type="stmt" count="1"/>
        <line num="176" type="stmt" count="2"/>
        <line num="178" type="stmt" count="2"/>
        <line num="180" type="stmt" count="2"/>
        <line num="194" type="method" name="doPOST" visibility="public" complexity="12" crap="38.87" count="1"/>
        <line num="196" type="stmt" count="1"/>
        <line num="198" type="stmt" count="1"/>
        <line num="202" type="stmt" count="1"/>
        <line num="203" type="stmt" count="0"/>
        <line num="204" type="stmt" count="0"/>
        <line num="208" type="stmt" count="1"/>
        <line num="209" type="stmt" count="1"/>
        <line num="211" type="stmt" count="0"/>
        <line num="214" type="stmt" count="1"/>
        <line num="216" type="stmt" count="1"/>
        <line num="218" type="stmt" count="1"/>
        <line num="220" type="stmt" count="1"/>
        <line num="222" type="stmt" count="1"/>
        <line num="224" type="stmt" count="1"/>
        <line num="227" type="stmt" count="1"/>
        <line num="228" type="stmt" count="1"/>
        <line num="230" type="stmt" count="1"/>
        <line num="231" type="stmt" count="1"/>
        <line num="232" type="stmt" count="1"/>
        <line num="234" type="stmt" count="1"/>
        <line num="238" type="stmt" count="1"/>
        <line num="239" type="stmt" count="0"/>
        <line num="240" type="stmt" count="0"/>
        <line num="241" type="stmt" count="0"/>
        <line num="242" type="stmt" count="0"/>
        <line num="244" type="stmt" count="0"/>
        <line num="247" type="stmt" count="1"/>
        <line num="249" type="stmt" count="1"/>
        <line num="251" type="stmt" count="1"/>
        <line num="252" type="stmt" count="0"/>
        <line num="253" type="stmt" count="0"/>
        <line num="254" type="stmt" count="0"/>
        <line num="257" type="stmt" count="0"/>
        <line num="259" type="stmt" count="0"/>
        <line num="260" type="stmt" count="0"/>
        <line num="261" type="stmt" count="0"/>
        <line num="262" type="stmt" count="0"/>
        <line num="263" type="stmt" count="0"/>
        <line num="264" type="stmt" count="0"/>
        <line num="265" type="stmt" count="0"/>
        <line num="266" type="stmt" count="0"/>
        <line num="267" type="stmt" count="0"/>
        <line num="270" type="stmt" count="0"/>
        <line num="272" type="stmt" count="0"/>
        <line num="273" type="stmt" count="0"/>
        <line num="274" type="stmt" count="0"/>
        <line num="277" type="stmt" count="0"/>
        <line num="278" type="stmt" count="0"/>
        <line num="280" type="stmt" count="0"/>
        <line num="290" type="method" name="createDEnumTables" visibility="private" complexity="3" crap="12.00" count="0"/>
        <line num="292" type="stmt" count="0"/>
        <line num="294" type="stmt" count="0"/>
        <line num="297" type="stmt" count="0"/>
        <line num="298" type="stmt" count="0"/>
        <line num="299" type="stmt" count="0"/>
        <line num="300" type="stmt" count="0"/>
        <line num="301" type="stmt" count="0"/>
        <line num="302" type="stmt" count="0"/>
        <line num="305" type="stmt" count="0"/>
        <line num="307" type="stmt" count="0"/>
        <line num="310" type="stmt" count="0"/>
        <line num="311" type="stmt" count="0"/>
        <line num="312" type="stmt" count="0"/>
        <line num="313" type="stmt" count="0"/>
        <line num="314" type="stmt" count="0"/>
        <line num="315" type="stmt" count="0"/>
        <line num="318" type="stmt" count="0"/>
        <metrics loc="320" ncloc="206" classes="1" methods="4" coveredmethods="1" conditionals="0" coveredconditionals="0" statements="109" coveredstatements="61" elements="113" coveredelements="62"/>
      </file>
      <file name="/home/john/Git/alpha/Alpha/Controller/ExcelController.php">
        <class name="Alpha\Controller\ExcelController" namespace="Alpha\Controller">
          <metrics complexity="10" methods="2" coveredmethods="1" conditionals="0" coveredconditionals="0" statements="46" coveredstatements="30" elements="48" coveredelements="31"/>
        </class>
        <line num="72" type="method" name="__construct" visibility="public" complexity="1" crap="1" count="1"/>
        <line num="74" type="stmt" count="1"/>
        <line num="75" type="stmt" count="1"/>
        <line num="78" type="stmt" count="1"/>
        <line num="80" type="stmt" count="1"/>
        <line num="81" type="stmt" count="1"/>
        <line num="94" type="method" name="doGet" visibility="public" complexity="9" crap="13.81" count="1"/>
        <line num="96" type="stmt" count="1"/>
        <line num="98" type="stmt" count="1"/>
        <line num="100" type="stmt" count="1"/>
        <line num="103" type="stmt" count="1"/>
        <line num="104" type="stmt" count="1"/>
        <line num="106" type="stmt" count="1"/>
        <line num="107" type="stmt" count="1"/>
        <line num="108" type="stmt" count="1"/>
        <line num="110" type="stmt" count="0"/>
        <line num="114" type="stmt" count="1"/>
        <line num="115" type="stmt" count="1"/>
        <line num="117" type="stmt" count="0"/>
        <line num="120" type="stmt" count="1"/>
        <line num="123" type="stmt" count="1"/>
        <line num="124" type="stmt" count="1"/>
        <line num="125" type="stmt" count="1"/>
        <line num="126" type="stmt" count="1"/>
        <line num="129" type="stmt" count="1"/>
        <line num="130" type="stmt" count="1"/>
        <line num="131" type="stmt" count="1"/>
        <line num="133" type="stmt" count="1"/>
        <line num="134" type="stmt" count="1"/>
        <line num="137" type="stmt" count="0"/>
        <line num="138" type="stmt" count="0"/>
        <line num="140" type="stmt" count="0"/>
        <line num="142" type="stmt" count="0"/>
        <line num="143" type="stmt" count="0"/>
        <line num="144" type="stmt" count="0"/>
        <line num="145" type="stmt" count="0"/>
        <line num="146" type="stmt" count="0"/>
        <line num="148" type="stmt" count="1"/>
        <line num="153" type="stmt" count="1"/>
        <line num="155" type="stmt" count="0"/>
        <line num="156" type="stmt" count="0"/>
        <line num="157" type="stmt" count="0"/>
        <line num="158" type="stmt" count="0"/>
        <line num="159" type="stmt" count="0"/>
        <line num="160" type="stmt" count="0"/>
        <line num="163" type="stmt" count="1"/>
        <line num="164" type="stmt" count="1"/>
        <line num="166" type="stmt" count="1"/>
        <metrics loc="168" ncloc="93" classes="1" methods="2" coveredmethods="1" conditionals="0" coveredconditionals="0" statements="46" coveredstatements="30" elements="48" coveredelements="31"/>
      </file>
      <file name="/home/john/Git/alpha/Alpha/Controller/FeedController.php">
        <class name="Alpha\Controller\FeedController" namespace="Alpha\Controller">
[...]
        <line num="297" type="stmt" count="0"/>
        <line num="299" type="stmt" count="0"/>
        <line num="300" type="stmt" count="0"/>
        <line num="301" type="stmt" count="0"/>
        <line num="304" type="stmt" count="0"/>
        <line num="305" type="stmt" count="0"/>
        <line num="307" type="stmt" count="0"/>
        <line num="308" type="stmt" count="0"/>
        <line num="311" type="stmt" count="0"/>
        <line num="315" type="stmt" count="1"/>
        <line num="316" type="stmt" count="1"/>
        <line num="319" type="stmt" count="0"/>
        <line num="320" type="stmt" count="0"/>
        <line num="321" type="stmt" count="0"/>
        <line num="322" type="stmt" count="0"/>
        <line num="323" type="stmt" count="0"/>
        <line num="324" type="stmt" count="0"/>
        <line num="325" type="stmt" count="0"/>
        <line num="327" type="stmt" count="0"/>
        <line num="330" type="stmt" count="0"/>
        <line num="331" type="stmt" count="0"/>
        <line num="332" type="stmt" count="0"/>
        <line num="333" type="stmt" count="0"/>
        <line num="334" type="stmt" count="0"/>
        <line num="336" type="stmt" count="0"/>
        <line num="337" type="stmt" count="0"/>
        <line num="338" type="stmt" count="0"/>
        <line num="340" type="stmt" count="0"/>
        <line num="342" type="stmt" count="0"/>
        <line num="345" type="stmt" count="0"/>
        <line num="346" type="stmt" count="0"/>
        <line num="349" type="stmt" count="0"/>
        <line num="352" type="stmt" count="0"/>
        <line num="354" type="stmt" count="0"/>
        <line num="357" type="stmt" count="0"/>
        <line num="360" type="stmt" count="0"/>
        <line num="363" type="stmt" count="0"/>
        <line num="366" type="stmt" count="0"/>
        <line num="368" type="stmt" count="0"/>
        <line num="369" type="stmt" count="0"/>
        <line num="371" type="stmt" count="0"/>
        <line num="374" type="stmt" count="0"/>
        <line num="375" type="stmt" count="0"/>
        <line num="376" type="stmt" count="0"/>
        <line num="379" type="stmt" count="1"/>
        <line num="388" type="method" name="cache" visibility="private" complexity="3" crap="12.00" count="0"/>
        <line num="390" type="stmt" count="0"/>
        <line num="392" type="stmt" count="0"/>
        <line num="393" type="stmt" count="0"/>
        <line num="395" type="stmt" count="0"/>
        <line num="397" type="stmt" count="0"/>
        <line num="406" type="method" name="checkCache" visibility="private" complexity="1" crap="1" count="1"/>
        <line num="408" type="stmt" count="1"/>
        <line num="416" type="method" name="loadCache" visibility="private" complexity="1" crap="1" count="1"/>
        <line num="418" type="stmt" count="1"/>
        <line num="419" type="stmt" count="1"/>
        <line num="431" type="method" name="convertImageURLToPath" visibility="public" complexity="1" crap="1" count="1"/>
        <line num="433" type="stmt" count="1"/>
        <line num="435" type="stmt" count="1"/>
        <line num="437" type="stmt" count="1"/>
        <metrics loc="439" ncloc="217" classes="1" methods="9" coveredmethods="5" conditionals="0" coveredconditionals="0" statements="104" coveredstatements="37" elements="113" coveredelements="42"/>
      </file>
      <file name="/home/john/Git/alpha/Alpha/View/Widget/RecordSelector.php">
        <class name="Alpha\View\Widget\RecordSelector" namespace="Alpha\View\Widget">
          <metrics complexity="36" methods="3" coveredmethods="0" conditionals="0" coveredconditionals="0" statements="183" coveredstatements="153" elements="186" coveredelements="153"/>
        </class>
        <line num="126" type="method" name="__construct" visibility="public" complexity="2" crap="2.00" count="6"/>
        <line num="128" type="stmt" count="6"/>
        <line num="129" type="stmt" count="6"/>
        <line num="131" type="stmt" count="6"/>
        <line num="132" type="stmt" count="0"/>
        <line num="135" type="stmt" count="6"/>
        <line num="136" type="stmt" count="6"/>
        <line num="137" type="stmt" count="6"/>
        <line num="138" type="stmt" count="6"/>
        <line num="140" type="stmt" count="6"/>
        <line num="141" type="stmt" count="6"/>
        <line num="153" type="method" name="render" visibility="public" complexity="27" crap="33.39" count="5"/>
        <line num="155" type="stmt" count="5"/>
        <line num="157" type="stmt" count="5"/>
        <line num="158" type="stmt" count="5"/>
        <line num="159" type="stmt" count="5"/>
        <line num="161" type="stmt" count="5"/>
        <line num="163" type="stmt" count="5"/>
        <line num="166" type="stmt" count="5"/>
        <line num="168" type="stmt" count="1"/>
        <line num="170" type="stmt" count="1"/>
        <line num="171" type="stmt" count="1"/>
        <line num="173" type="stmt" count="1"/>
        <line num="180" type="stmt" count="1"/>
        <line num="196" type="stmt" count="1"/>
        <line num="197" type="stmt" count="1"/>
        <line num="200" type="stmt" count="1"/>
        <line num="202" type="stmt" count="1"/>
        <line num="203" type="stmt" count="1"/>
        <line num="204" type="stmt" count="1"/>
        <line num="207" type="stmt" count="1"/>
        <line num="211" type="stmt" count="5"/>
        <line num="212" type="stmt" count="5"/>
        <line num="214" type="stmt" count="5"/>
        <line num="216" type="stmt" count="2"/>
        <line num="217" type="stmt" count="0"/>
        <line num="219" type="stmt" count="0"/>
        <line num="220" type="stmt" count="0"/>
        <line num="223" type="stmt" count="0"/>
        <line num="225" type="stmt" count="2"/>
        <line num="226" type="stmt" count="2"/>
        <line num="227" type="stmt" count="2"/>
        <line num="228" type="stmt" count="2"/>
        <line num="229" type="stmt" count="2"/>
        <line num="230" type="stmt" count="2"/>
        <line num="231" type="stmt" count="2"/>
        <line num="232" type="stmt" count="2"/>
        <line num="234" type="stmt" count="2"/>
        <line num="236" type="stmt" count="2"/>
        <line num="238" type="stmt" count="2"/>
        <line num="240" type="stmt" count="2"/>
        <line num="241" type="stmt" count="2"/>
        <line num="243" type="stmt" count="2"/>
        <line num="246" type="stmt" count="2"/>
        <line num="247" type="stmt" count="0"/>
        <line num="248" type="stmt" count="0"/>
        <line num="250" type="stmt" count="2"/>
        <line num="251" type="stmt" count="2"/>
        <line num="252" type="stmt" count="2"/>
        <line num="253" type="stmt" count="2"/>
        <line num="255" type="stmt" count="0"/>
        <line num="256" type="stmt" count="2"/>
        <line num="259" type="stmt" count="2"/>
        <line num="260" type="stmt" count="2"/>
        <line num="268" type="stmt" count="2"/>
        <line num="269" type="stmt" count="2"/>
        <line num="270" type="stmt" count="0"/>
        <line num="271" type="stmt" count="0"/>
        <line num="272" type="stmt" count="0"/>
        <line num="274" type="stmt" count="0"/>
        <line num="275" type="stmt" count="0"/>
        <line num="276" type="stmt" count="0"/>
        <line num="277" type="stmt" count="0"/>
        <line num="280" type="stmt" count="0"/>
        <line num="283" type="stmt" count="0"/>
        <line num="285" type="stmt" count="0"/>
        <line num="286" type="stmt" count="0"/>
        <line num="287" type="stmt" count="0"/>
        <line num="291" type="stmt" count="2"/>
        <line num="294" type="stmt" count="2"/>
        <line num="295" type="stmt" count="2"/>
        <line num="297" type="stmt" count="2"/>
        <line num="298" type="stmt" count="2"/>
        <line num="300" type="stmt" count="2"/>
        <line num="301" type="stmt" count="1"/>
        <line num="303" type="stmt" count="2"/>
        <line num="305" type="stmt" count="2"/>
        <line num="311" type="stmt" count="5"/>
        <line num="313" type="stmt" count="1"/>
        <line num="315" type="stmt" count="1"/>
        <line num="317" type="stmt" count="1"/>
        <line num="318" type="stmt" count="1"/>
        <line num="320" type="stmt" count="1"/>
        <line num="321" type="stmt" count="1"/>
        <line num="322" type="stmt" count="1"/>
        <line num="324" type="stmt" count="1"/>
        <line num="325" type="stmt" count="1"/>
        <line num="332" type="stmt" count="1"/>
        <line num="349" type="stmt" count="1"/>
        <line num="357" type="stmt" count="1"/>
        <line num="358" type="stmt" count="1"/>
        <line num="360" type="stmt" count="1"/>
        <line num="363" type="stmt" count="1"/>
        <line num="366" type="stmt" count="1"/>
        <line num="367" type="stmt" count="1"/>
        <line num="369" type="stmt" count="0"/>
        <line num="372" type="stmt" count="1"/>
        <line num="375" type="stmt" count="5"/>
        <line num="377" type="stmt" count="5"/>
        <line num="390" type="method" name="renderSelector" visibility="public" complexity="7" crap="7.08" count="1"/>
        <line num="392" type="stmt" count="1"/>
        <line num="394" type="stmt" count="1"/>
        <line num="423" type="stmt" count="1"/>
        <line num="424" type="stmt" count="1"/>
        <line num="426" type="stmt" count="1"/>
        <line num="427" type="stmt" count="1"/>
        <line num="433" type="stmt" count="1"/>
        <line num="434" type="stmt" count="1"/>
        <line num="435" type="stmt" count="1"/>
        <line num="437" type="stmt" count="1"/>
        <line num="438" type="stmt" count="1"/>
        <line num="439" type="stmt" count="1"/>
        <line num="440" type="stmt" count="1"/>
        <line num="441" type="stmt" count="1"/>
        <line num="443" type="stmt" count="1"/>
        <line num="445" type="stmt" count="1"/>
        <line num="447" type="stmt" count="0"/>
        <line num="448" type="stmt" count="0"/>
        <line num="449" type="stmt" count="0"/>
        <line num="450" type="stmt" count="0"/>
        <line num="452" type="stmt" count="0"/>
        <line num="454" type="stmt" count="0"/>
        <line num="457" type="stmt" count="1"/>
        <line num="458" type="stmt" count="1"/>
        <line num="459" type="stmt" count="1"/>
        <line num="460" type="stmt" count="1"/>
        <line num="461" type="stmt" count="1"/>
        <line num="462" type="stmt" count="1"/>
        <line num="464" type="stmt" count="1"/>
        <line num="465" type="stmt" count="1"/>
        <line num="466" type="stmt" count="1"/>
        <line num="467" type="stmt" count="1"/>
        <line num="468" type="stmt" count="1"/>
        <line num="469" type="stmt" count="1"/>
        <line num="470" type="stmt" count="1"/>
        <line num="471" type="stmt" count="1"/>
        <line num="472" type="stmt" count="1"/>
        <line num="474" type="stmt" count="1"/>
        <line num="475" type="stmt" count="1"/>
        <line num="476" type="stmt" count="1"/>
        <line num="478" type="stmt" count="0"/>
        <line num="480" type="stmt" count="1"/>
        <line num="481" type="stmt" count="1"/>
        <line num="483" type="stmt" count="1"/>
        <line num="485" type="stmt" count="1"/>
        <line num="487" type="stmt" count="1"/>
        <line num="488" type="stmt" count="1"/>
        <line num="489" type="stmt" count="1"/>
        <line num="491" type="stmt" count="1"/>
        <line num="493" type="stmt" count="1"/>
        <line num="494" type="stmt" count="1"/>
        <line num="495" type="stmt" count="1"/>
        <line num="496" type="stmt" count="1"/>
        <line num="497" type="stmt" count="1"/>
        <line num="498" type="stmt" count="1"/>
        <line num="500" type="stmt" count="1"/>
        <line num="501" type="stmt" count="1"/>
        <line num="502" type="stmt" count="1"/>
        <line num="503" type="stmt" count="1"/>
        <line num="504" type="stmt" count="1"/>
        <line num="505" type="stmt" count="1"/>
        <line num="506" type="stmt" count="1"/>
        <line num="507" type="stmt" count="1"/>
        <line num="508" type="stmt" count="1"/>
        <line num="509" type="stmt" count="1"/>
        <line num="510" type="stmt" count="1"/>
        <line num="512" type="stmt" count="0"/>
        <line num="513" type="stmt" count="0"/>
        <line num="515" type="stmt" count="1"/>
        <line num="516" type="stmt" count="1"/>
        <line num="518" type="stmt" count="1"/>
        <line num="522" type="stmt" count="1"/>
        <line num="524" type="stmt" count="1"/>
        <line num="526" type="stmt" count="1"/>
        <line num="528" type="stmt" count="1"/>
        <line num="530" type="stmt" count="1"/>
        <metrics loc="532" ncloc="383" classes="1" methods="3" coveredmethods="0" conditionals="0" coveredconditionals="0" statements="183" coveredstatements="153" elements="186" coveredelements="153"/>
      </file>
      <file name="/home/john/Git/alpha/Alpha/View/Widget/SmallTextBox.php">
        <class name="Alpha\View\Widget\SmallTextBox" namespace="Alpha\View\Widget">
          <metrics complexity="14" methods="4" coveredmethods="1" conditionals="0" coveredconditionals="0" statements="24" coveredstatements="17" elements="28" coveredelements="18"/>
        </class>
        <line num="103" type="method" name="__construct" visibility="public" complexity="3" crap="3.07" count="13"/>
        <line num="105" type="stmt" count="13"/>
        <line num="107" type="stmt" count="13"/>
        <line num="108" type="stmt" count="13"/>
        <line num="110" type="stmt" count="0"/>
        <line num="113" type="stmt" count="13"/>
        <line num="114" type="stmt" count="13"/>
        <line num="116" type="stmt" count="13"/>
        <line num="117" type="stmt" count="0"/>
        <line num="119" type="stmt" count="13"/>
        <line num="121" type="stmt" count="13"/>
        <line num="132" type="method" name="render" visibility="public" complexity="8" crap="8" count="13"/>
        <line num="134" type="stmt" count="13"/>
        <line num="136" type="stmt" count="13"/>
        <line num="137" type="stmt" count="13"/>
        <line num="138" type="stmt" count="13"/>
        <line num="140" type="stmt" count="13"/>
        <line num="141" type="stmt" count="13"/>
        <line num="142" type="stmt" count="13"/>
        <line num="144" type="stmt" count="13"/>
        <line num="146" type="stmt" count="13"/>
        <line num="158" type="method" name="setStringObject" visibility="public" complexity="2" crap="6.00" count="0"/>
        <line num="160" type="stmt" count="0"/>
        <line num="161" type="stmt" count="0"/>
        <line num="163" type="stmt" count="0"/>
        <line num="165" type="stmt" count="0"/>
        <line num="174" type="method" name="getStringObject" visibility="public" complexity="1" crap="2.00" count="0"/>
        <line num="176" type="stmt" count="0"/>
        <metrics loc="178" ncloc="71" classes="1" methods="4" coveredmethods="1" conditionals="0" coveredconditionals="0" statements="24" coveredstatements="17" elements="28" coveredelements="18"/>
      </file>
      <file name="/home/john/Git/alpha/Alpha/View/Widget/TagCloud.php">
        <class name="Alpha\View\Widget\TagCloud" namespace="Alpha\View\Widget">
          <metrics complexity="10" methods="3" coveredmethods="0" conditionals="0" coveredconditionals="0" statements="24" coveredstatements="14" elements="27" coveredelements="14"/>
        </class>
        <line num="81" type="method" name="__construct" visibility="public" complexity="4" crap="7.73" count="1"/>
        <line num="83" type="stmt" count="1"/>
        <line num="85" type="stmt" count="1"/>
        <line num="87" type="stmt" count="1"/>
        <line num="88" type="stmt" count="0"/>
        <line num="89" type="stmt" count="0"/>
        <line num="92" type="stmt" count="0"/>
        <line num="93" type="stmt" count="0"/>
        <line num="95" type="stmt" count="0"/>
        <line num="97" type="stmt" count="0"/>
        <line num="99" type="stmt" count="0"/>
        <line num="100" type="stmt" count="0"/>
        <line num="103" type="stmt" count="1"/>
        <line num="105" type="stmt" count="1"/>
        <line num="118" type="method" name="render" visibility="public" complexity="5" crap="5.03" count="1"/>
        <line num="120" type="stmt" count="1"/>
        <line num="121" type="stmt" count="1"/>
        <line num="123" type="stmt" count="1"/>
        <line num="124" type="stmt" count="1"/>
        <line num="125" type="stmt" count="1"/>
        <line num="126" type="stmt" count="1"/>
        <line num="128" type="stmt" count="1"/>
        <line num="129" type="stmt" count="0"/>
        <line num="131" type="stmt" count="1"/>
        <line num="134" type="stmt" count="1"/>
        <line num="144" type="method" name="getPopTags" visibility="public" complexity="1" crap="2.00" count="0"/>
        <line num="146" type="stmt" count="0"/>
        <metrics loc="148" ncloc="63" classes="1" methods="3" coveredmethods="0" conditionals="0" coveredconditionals="0" statements="24" coveredstatements="14" elements="27" coveredelements="14"/>
      </file>
      <file name="/home/john/Git/alpha/Alpha/View/Widget/TextBox.php">
        <class name="Alpha\View\Widget\TextBox" namespace="Alpha\View\Widget">
          <metrics complexity="9" methods="4" coveredmethods="1" conditionals="0" coveredconditionals="0" statements="28" coveredstatements="21" elements="32" coveredelements="22"/>
        </class>
        <line num="113" type="method" name="__construct" visibility="public" complexity="3" crap="3.05" count="5"/>
        <line num="115" type="stmt" count="5"/>
        <line num="117" type="stmt" count="5"/>
        <line num="118" type="stmt" count="5"/>
        <line num="120" type="stmt" count="0"/>
        <line num="123" type="stmt" count="5"/>
        <line num="124" type="stmt" count="5"/>
        <line num="125" type="stmt" count="5"/>
        <line num="127" type="stmt" count="5"/>
        <line num="128" type="stmt" count="0"/>
        <line num="130" type="stmt" count="5"/>
        <line num="132" type="stmt" count="5"/>
        <line num="141" type="method" name="render" visibility="public" complexity="3" crap="3" count="5"/>
        <line num="143" type="stmt" count="5"/>
        <line num="144" type="stmt" count="5"/>
        <line num="146" type="stmt" count="5"/>
        <line num="148" type="stmt" count="5"/>
        <line num="149" type="stmt" count="2"/>
        <line num="151" type="stmt" count="4"/>
        <line num="154" type="stmt" count="5"/>
        <line num="156" type="stmt" count="5"/>
        <line num="158" type="stmt" count="5"/>
        <line num="159" type="stmt" count="5"/>
        <line num="160" type="stmt" count="5"/>
        <line num="163" type="stmt" count="5"/>
        <line num="175" type="method" name="setTextObject" visibility="public" complexity="2" crap="6.00" count="0"/>
        <line num="177" type="stmt" count="0"/>
        <line num="178" type="stmt" count="0"/>
        <line num="180" type="stmt" count="0"/>
        <line num="182" type="stmt" count="0"/>
        <line num="191" type="method" name="getTextObject" visibility="public" complexity="1" crap="2.00" count="0"/>
        <line num="193" type="stmt" count="0"/>
        <metrics loc="195" ncloc="82" classes="1" methods="4" coveredmethods="1" conditionals="0" coveredconditionals="0" statements="28" coveredstatements="21" elements="32" coveredelements="22"/>
      </file>
    </package>
    <metrics files="142" loc="40058" ncloc="22087" classes="111" methods="902" coveredmethods="413" conditionals="0" coveredconditionals="0" statements="10040" coveredstatements="7423" elements="10942" coveredelements="7836"/>
  </project>
</coverage>
